0 info it worked if it ends with ok
1 verbose cli [ 'node', '/usr/local/bin/npm', 'start' ]
2 info using npm@3.8.1
3 info using node@v0.12.2
4 verbose run-script [ 'prestart', 'start', 'poststart' ]
5 info lifecycle my_actionhero_project@0.0.1~prestart: my_actionhero_project@0.0.1
6 silly lifecycle my_actionhero_project@0.0.1~prestart: no script for prestart, continuing
7 info lifecycle my_actionhero_project@0.0.1~start: my_actionhero_project@0.0.1
8 verbose lifecycle my_actionhero_project@0.0.1~start: unsafe-perm in lifecycle true
9 verbose lifecycle my_actionhero_project@0.0.1~start: PATH: /usr/local/lib/node_modules/npm/bin/node-gyp-bin:/home/tamyg/Documentos/testMongoAPIAH/node_modules/.bin:/opt/node/bin:/u01/app/oracle/product/11.2.0/xe/bin:/usr/lib/jvm/java-8-oracle/bin:/usr/local/rvm/gems/ruby-2.2.1/bin:/usr/local/rvm/gems/ruby-2.2.1@global/bin:/usr/local/rvm/rubies/ruby-2.2.1/bin:/usr/local/sbin:/usr/local/bin:/usr/sbin:/usr/bin:/sbin:/bin:/usr/games:/usr/local/games:/usr/lib/jvm/java-8-oracle/bin:/usr/lib/jvm/java-8-oracle/db/bin:/usr/lib/jvm/java-8-oracle/jre/bin:/usr/local/rvm/bin:/opt/node/bin:/opt/android-sdk/platform-tools:/opt/android-sdk/tools:/usr/lib/jvm/java-8-oracle/bin:/usr/lib/jvm/java-8-oracle/db/bin:/usr/lib/jvm/java-8-oracle/jre/bin:/opt/node/bin:/opt/android-sdk/tools:/opt/android-sdk/platform-tools:/opt/node/bin:/opt/android-sdk/platform-tools:/opt/android-sdk/tools
10 verbose lifecycle my_actionhero_project@0.0.1~start: CWD: /home/tamyg/Documentos/testMongoAPIAH
11 silly lifecycle my_actionhero_project@0.0.1~start: Args: [ '-c', 'actionhero start' ]
12 silly lifecycle my_actionhero_project@0.0.1~start: Returned: code: 1  signal: null
13 info lifecycle my_actionhero_project@0.0.1~start: Failed to exec start script
14 verbose stack Error: my_actionhero_project@0.0.1 start: `actionhero start`
14 verbose stack Exit status 1
14 verbose stack     at EventEmitter.<anonymous> (/usr/local/lib/node_modules/npm/lib/utils/lifecycle.js:239:16)
14 verbose stack     at EventEmitter.emit (events.js:110:17)
14 verbose stack     at ChildProcess.<anonymous> (/usr/local/lib/node_modules/npm/lib/utils/spawn.js:24:14)
14 verbose stack     at ChildProcess.emit (events.js:110:17)
14 verbose stack     at maybeClose (child_process.js:1015:16)
14 verbose stack     at Process.ChildProcess._handle.onexit (child_process.js:1087:5)
15 verbose pkgid my_actionhero_project@0.0.1
16 verbose cwd /home/tamyg/Documentos/testMongoAPIAH
17 error Linux 3.16.0-60-generic
18 error argv "node" "/usr/local/bin/npm" "start"
19 error node v0.12.2
20 error npm  v3.8.1
21 error code ELIFECYCLE
22 error my_actionhero_project@0.0.1 start: `actionhero start`
22 error Exit status 1
23 error Failed at the my_actionhero_project@0.0.1 start script 'actionhero start'.
23 error Make sure you have the latest version of node.js and npm installed.
23 error If you do, this is most likely a problem with the my_actionhero_project package,
23 error not with npm itself.
23 error Tell the author that this fails on your system:
23 error     actionhero start
23 error You can get information on how to open an issue for this project with:
23 error     npm bugs my_actionhero_project
23 error Or if that isn't available, you can get their info via:
23 error     npm owner ls my_actionhero_project
23 error There is likely additional logging output above.
24 verbose exit [ 1, true ]
